Traceback (most recent call last):
  File "/home/hirshb/anaconda3/envs/book/lib/python3.9/site-packages/jupyter_cache/executors/utils.py", line 51, in single_nb_execution
    executenb(
  File "/home/hirshb/anaconda3/envs/book/lib/python3.9/site-packages/nbclient/client.py", line 1112, in execute
    return NotebookClient(nb=nb, resources=resources, km=km, **kwargs).execute()
  File "/home/hirshb/anaconda3/envs/book/lib/python3.9/site-packages/nbclient/util.py", line 74, in wrapped
    return just_run(coro(*args, **kwargs))
  File "/home/hirshb/anaconda3/envs/book/lib/python3.9/site-packages/nbclient/util.py", line 53, in just_run
    return loop.run_until_complete(coro)
  File "/home/hirshb/anaconda3/envs/book/lib/python3.9/asyncio/base_events.py", line 642, in run_until_complete
    return future.result()
  File "/home/hirshb/anaconda3/envs/book/lib/python3.9/site-packages/nbclient/client.py", line 553, in async_execute
    await self.async_execute_cell(
  File "/home/hirshb/anaconda3/envs/book/lib/python3.9/site-packages/nbclient/client.py", line 857, in async_execute_cell
    self._check_raise_for_error(cell, exec_reply)
  File "/home/hirshb/anaconda3/envs/book/lib/python3.9/site-packages/nbclient/client.py", line 760, in _check_raise_for_error
    raise CellExecutionError.from_cell_and_msg(cell, exec_reply_content)
nbclient.exceptions.CellExecutionError: An error occurred while executing the following cell:
------------------
plt.figure(1, figsize=(8,8), dpi=150)
plt.xlabel(r"$x$")
plt.ylabel(r"$y$")

lessp = p[:,0:-1:100]
idx = lessp[0,:]**2 + lessp[1,:]**2 <= R**2

plt.plot(lessp[0,:],lessp[1,:],'.')
plt.plot(lessp[0,idx],lessp[1,idx],'.')

------------------

[0;31m---------------------------------------------------------------------------[0m
[0;31mNameError[0m                                 Traceback (most recent call last)
[0;32m/tmp/ipykernel_1947131/3937886497.py[0m in [0;36m<module>[0;34m[0m
[1;32m      3[0m [0mplt[0m[0;34m.[0m[0mylabel[0m[0;34m([0m[0;34mr"$y$"[0m[0;34m)[0m[0;34m[0m[0;34m[0m[0m
[1;32m      4[0m [0;34m[0m[0m
[0;32m----> 5[0;31m [0mlessp[0m [0;34m=[0m [0mp[0m[0;34m[[0m[0;34m:[0m[0;34m,[0m[0;36m0[0m[0;34m:[0m[0;34m-[0m[0;36m1[0m[0;34m:[0m[0;36m100[0m[0;34m][0m[0;34m[0m[0;34m[0m[0m
[0m[1;32m      6[0m [0midx[0m [0;34m=[0m [0mlessp[0m[0;34m[[0m[0;36m0[0m[0;34m,[0m[0;34m:[0m[0;34m][0m[0;34m**[0m[0;36m2[0m [0;34m+[0m [0mlessp[0m[0;34m[[0m[0;36m1[0m[0;34m,[0m[0;34m:[0m[0;34m][0m[0;34m**[0m[0;36m2[0m [0;34m<=[0m [0mR[0m[0;34m**[0m[0;36m2[0m[0;34m[0m[0;34m[0m[0m
[1;32m      7[0m [0;34m[0m[0m

[0;31mNameError[0m: name 'p' is not defined
NameError: name 'p' is not defined

